[debug] [2023-06-16T11:00:57.963Z] ----------------------------------------------------------------------
[debug] [2023-06-16T11:00:57.966Z] Command:       /Users/chrisdanielwise/.nvm/versions/node/v16.20.0/bin/node /Users/chrisdanielwise/.nvm/versions/node/v16.20.0/bin/firebase init
[debug] [2023-06-16T11:00:57.967Z] CLI Version:   12.3.1
[debug] [2023-06-16T11:00:57.967Z] Platform:      darwin
[debug] [2023-06-16T11:00:57.968Z] Node Version:  v16.20.0
[debug] [2023-06-16T11:00:57.969Z] Time:          Fri Jun 16 2023 12:00:57 GMT+0100 (West Africa Standard Time)
[debug] [2023-06-16T11:00:57.970Z] ----------------------------------------------------------------------
[debug] 
[debug] [2023-06-16T11:00:57.981Z] > command requires scopes: ["email","openid","https://www.googleapis.com/auth/cloudplatformprojects.readonly","https://www.googleapis.com/auth/firebase","https://www.googleapis.com/auth/cloud-platform"]
[debug] [2023-06-16T11:00:57.982Z] > authorizing via signed-in user (chrisdanielwise@gmail.com)
[info] 
     ######## #### ########  ######## ########     ###     ######  ########
     ##        ##  ##     ## ##       ##     ##  ##   ##  ##       ##
     ######    ##  ########  ######   ########  #########  ######  ######
     ##        ##  ##    ##  ##       ##     ## ##     ##       ## ##
     ##       #### ##     ## ######## ########  ##     ##  ######  ########

You're about to initialize a Firebase project in this directory:

  /Users/chrisdanielwise/Desktop/desktop/firebase beginner projects/firebase-build-with-react

[info] 
=== Project Setup
[info] 
[info] First, let's associate this project directory with a Firebase project.
[info] You can create multiple project aliases by running firebase use --add, 
[info] but for now we'll just set up a default project.
[info] 
[debug] [2023-06-16T11:01:07.496Z] >>> [apiv2][query] GET https://firebase.googleapis.com/v1beta1/projects pageSize=100
[debug] [2023-06-16T11:01:08.648Z] <<< [apiv2][status] GET https://firebase.googleapis.com/v1beta1/projects 200
[debug] [2023-06-16T11:01:08.648Z] <<< [apiv2][body] GET https://firebase.googleapis.com/v1beta1/projects [omitted]
[info] i  Using project my-firebase-store-tut (firebase-build-with-react) 
[info] 
=== Hosting Setup
[info] 
[info] Your public directory is the folder (relative to your project directory) that
[info] will contain Hosting assets to be uploaded with firebase deploy. If you
[info] have a build process for your assets, use your build's output directory.
[info] 
[info] ✔  Wrote public/404.html 
[debug] [2023-06-16T11:02:53.319Z] >>> [apiv2][query] GET https://www.gstatic.com/firebasejs/releases.json [none]
[debug] [2023-06-16T11:02:53.740Z] <<< [apiv2][status] GET https://www.gstatic.com/firebasejs/releases.json 200
[debug] [2023-06-16T11:02:53.741Z] <<< [apiv2][body] GET https://www.gstatic.com/firebasejs/releases.json {"current":{"version":"9.22.2","browserURL":"https://www.gstatic.com/firebasejs/9.22.2/firebase.js","packageURL":"https://www.gstatic.com/firebasejs/9.22.2/firebase.tgz"},"live":{"version":"9.22","browserURL":"https://www.gstatic.com/firebasejs/live/9.22/firebase.js","packageURL":"https://www.gstatic.com/firebasejs/live/9.22/firebase.tgz"},"components":{"analytics":"https://www.gstatic.com/firebasejs/9.22.2/firebase-analytics.js","app":"https://www.gstatic.com/firebasejs/9.22.2/firebase-app.js","app-check":"https://www.gstatic.com/firebasejs/9.22.2/firebase-app-check.js","auth":"https://www.gstatic.com/firebasejs/9.22.2/firebase-auth.js","auth/cordova":"https://www.gstatic.com/firebasejs/9.22.2/firebase-auth/cordova.js","auth/react-native":"https://www.gstatic.com/firebasejs/9.22.2/firebase-auth/react-native.js","functions":"https://www.gstatic.com/firebasejs/9.22.2/firebase-functions.js","firestore":"https://www.gstatic.com/firebasejs/9.22.2/firebase-firestore.js","firestore/lite":"https://www.gstatic.com/firebasejs/9.22.2/firebase-firestore/lite.js","installations":"https://www.gstatic.com/firebasejs/9.22.2/firebase-installations.js","storage":"https://www.gstatic.com/firebasejs/9.22.2/firebase-storage.js","performance":"https://www.gstatic.com/firebasejs/9.22.2/firebase-performance.js","remote-config":"https://www.gstatic.com/firebasejs/9.22.2/firebase-remote-config.js","messaging":"https://www.gstatic.com/firebasejs/9.22.2/firebase-messaging.js","messaging/sw":"https://www.gstatic.com/firebasejs/9.22.2/firebase-messaging/sw.js","database":"https://www.gstatic.com/firebasejs/9.22.2/firebase-database.js","firestore.memory":"https://www.gstatic.com/firebasejs/9.22.2/firebase-firestore.memory.js"}}
[info] i  Skipping write of public/index.html 
[info] 
[info] i  Detected a .git folder at /Users/chrisdanielwise/Desktop/desktop/firebase beginner projects 
[info] i  Authorizing with GitHub to upload your service account to a GitHub repository's secrets store. 
[info] 
[info] Visit this URL on this device to log in:
[info] https://github.com/login/oauth/authorize?client_id=89cf50f02ac6aaed3484&state=99902925&redirect_uri=http%3A%2F%2Flocalhost%3A9005&scope=read%3Auser%20repo%20public_repo
[info] 
[info] Waiting for authentication...
[debug] [2023-06-16T11:03:58.594Z] >>> [apiv2][query] POST https://github.com/login/oauth/access_token [none]
[debug] [2023-06-16T11:03:58.595Z] >>> [apiv2][body] POST https://github.com/login/oauth/access_token [stream]
[debug] [2023-06-16T11:03:59.308Z] <<< [apiv2][status] POST https://github.com/login/oauth/access_token 200
[debug] [2023-06-16T11:03:59.308Z] <<< [apiv2][body] POST https://github.com/login/oauth/access_token {"access_token":"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","token_type":"bearer","scope":"read:user,repo"}
[debug] [2023-06-16T11:03:59.405Z] >>> [apiv2][query] GET https://api.github.com/user [none]
[debug] [2023-06-16T11:04:00.147Z] <<< [apiv2][status] GET https://api.github.com/user 200
[debug] [2023-06-16T11:04:00.148Z] <<< [apiv2][body] GET https://api.github.com/user {"login":"chrisdanielwise","id":101382119,"node_id":"U_kgDOBgr35w","avatar_url":"https://avatars.githubusercontent.com/u/101382119?v=4","gravatar_id":"","url":"https://api.github.com/users/chrisdanielwise","html_url":"https://github.com/chrisdanielwise","followers_url":"https://api.github.com/users/chrisdanielwise/followers","following_url":"https://api.github.com/users/chrisdanielwise/following{/other_user}","gists_url":"https://api.github.com/users/chrisdanielwise/gists{/gist_id}","starred_url":"https://api.github.com/users/chrisdanielwise/starred{/owner}{/repo}","subscriptions_url":"https://api.github.com/users/chrisdanielwise/subscriptions","organizations_url":"https://api.github.com/users/chrisdanielwise/orgs","repos_url":"https://api.github.com/users/chrisdanielwise/repos","events_url":"https://api.github.com/users/chrisdanielwise/events{/privacy}","received_events_url":"https://api.github.com/users/chrisdanielwise/received_events","type":"User","site_admin":false,"name":"Nneeh Daniel","company":null,"blog":"","location":null,"email":null,"hireable":null,"bio":"A full stack developer ","twitter_username":null,"public_repos":34,"public_gists":0,"followers":2,"following":14,"created_at":"2022-03-11T05:14:37Z","updated_at":"2023-06-14T08:07:08Z","private_gists":0,"total_private_repos":2,"owned_private_repos":2,"disk_usage":29793,"collaborators":2,"two_factor_authentication":false,"plan":{"name":"free","space":976562499,"collaborators":0,"private_repos":10000}}
[info] 
[info] ✔  Success! Logged into GitHub as chrisdanielwise 
[info] 
